16:24:17.710  INFO  manager.ApplicationManager - All Tests run in Chrome Driver
16:24:20.772  INFO  manager.ApplicationManager - Current Url --> https://ilcarro-1578153671498.web.app/search
16:24:20.797  INFO  tests.TestBase - Start test with name --->addNewCarSuccess
16:24:20.797  INFO  manager.MyListener - New Before find by --> By.xpath: //a[text()=' Logout ']
16:24:25.841  INFO  manager.MyListener - WebDriver start find element -->By.xpath: //a[text()=' Log in ']
16:24:25.904  INFO  manager.MyListener - WebDriver start find element -->By.id: email
16:24:26.006  INFO  manager.MyListener - WebDriver start find element -->By.id: password
16:24:26.090  INFO  manager.MyListener - WebDriver start find element -->By.cssSelector: button[type='submit']
16:24:26.139  INFO  manager.MyListener - WebDriver start find element -->By.cssSelector: button[type='submit']
16:24:26.187  INFO  manager.MyListener - New Before find by --> By.xpath: //button[text()='Ok']
16:24:27.400  INFO  manager.MyListener - WebDriver start find element -->By.xpath: //button[text()='Ok']
16:24:28.460  INFO  manager.MyListener - WebDriver start find element -->By.id: 1
16:24:28.540  INFO  manager.MyListener - WebDriver start find element -->By.id: pickUpPlace
16:24:28.649  INFO  manager.MyListener - WebDriver start find element -->By.cssSelector: div.pac-item
16:24:29.573  INFO  manager.MyListener - WebDriver start find element -->By.id: make
16:24:29.671  INFO  manager.MyListener - WebDriver start find element -->By.id: model
16:24:29.754  INFO  manager.MyListener - WebDriver start find element -->By.id: year
16:24:29.842  INFO  manager.MyListener - WebDriver start find element -->By.id: engine
16:24:29.924  INFO  manager.MyListener - WebDriver start find element -->By.id: fuel
16:24:29.984  INFO  manager.MyListener - WebDriver start find element -->By.id: gear
16:24:30.048  INFO  manager.MyListener - WebDriver start find element -->By.id: wheelsDrive
16:24:30.111  INFO  manager.MyListener - WebDriver start find element -->By.id: doors
16:24:30.215  INFO  manager.MyListener - WebDriver start find element -->By.id: seats
16:24:30.308  INFO  manager.MyListener - WebDriver start find element -->By.id: class
16:24:30.389  INFO  manager.MyListener - WebDriver start find element -->By.id: fuelConsumption
16:24:30.481  INFO  manager.MyListener - WebDriver start find element -->By.id: serialNumber
16:24:30.575  INFO  manager.MyListener - WebDriver start find element -->By.id: price
16:24:30.663  INFO  manager.MyListener - WebDriver start find element -->By.id: distance
16:24:30.758  INFO  manager.MyListener - WebDriver start find element -->By.cssSelector: input[placeholder='Type feature']
16:24:30.847  INFO  manager.MyListener - WebDriver start find element -->By.id: about
16:24:30.928  INFO  manager.MyListener - WebDriver start find element -->By.id: photos
16:24:30.957  INFO  manager.MyListener - The name of method with error -->sendKeys
16:24:30.959  INFO  manager.MyListener - We have a problem ---> org.openqa.selenium.InvalidArgumentException: invalid argument: File not found : /Users/tayahatum/Qa34/Qa34_IlCarro/auto1.jpeg
  (Session info: chrome=103.0.5060.134)
Build info: version: '4.3.0', revision: 'a4995e2c09*'
System info: host: 'DESKTOP-P7LS7IG', ip: '192.168.1.22', os.name: 'Windows 11', os.arch: 'amd64', os.version: '10.0', java.version: '11.0.15.1'
Driver info: org.openqa.selenium.chrome.ChromeDriver
Command: [f678fd013039aafc3afe4f9b831ddb63, sendKeysToElement {id=13f92b73-ab33-4cea-9596-f7917a4a17bc, value=[Ljava.lang.CharSequence;@1d15c0a1}]
Capabilities {acceptInsecureCerts: false, browserName: chrome, browserVersion: 103.0.5060.134, chrome: {chromedriverVersion: 102.0.5005.61 (0e59bcc00cc4..., userDataDir: C:\Users\97253\AppData\Loca...}, goog:chromeOptions: {debuggerAddress: localhost:64872}, networkConnectionEnabled: false, pageLoadStrategy: normal, platformName: WINDOWS, proxy: Proxy(), se:cdp: ws://localhost:64872/devtoo..., se:cdpVersion: 103.0.5060.134, setWindowRect: true, strictFileInteractability: false, timeouts: {implicit: 0, pageLoad: 300000, script: 30000}, unhandledPromptBehavior: dismiss and notify, webauthn:extension:credBlob: true, webauthn:extension:largeBlob: true, webauthn:virtualAuthenticators: true}
Element: [[ChromeDriver: chrome on WINDOWS (f678fd013039aafc3afe4f9b831ddb63)] -> id: photos]
Session ID: f678fd013039aafc3afe4f9b831ddb63
16:24:30.964  INFO  manager.MyListener - WebDriver start find element -->By.xpath: //button[text()='Search cars']
16:24:35.981  INFO  manager.MyListener - The name of method with error -->findElement
16:24:35.981  INFO  manager.MyListener - We have a problem ---> org.openqa.selenium.NoSuchElementException: no such element: Unable to locate element: {"method":"xpath","selector":"//button[text()='Search cars']"}
  (Session info: chrome=103.0.5060.134)
For documentation on this error, please visit: https://selenium.dev/exceptions/#no_such_element
Build info: version: '4.3.0', revision: 'a4995e2c09*'
System info: host: 'DESKTOP-P7LS7IG', ip: '192.168.1.22', os.name: 'Windows 11', os.arch: 'amd64', os.version: '10.0', java.version: '11.0.15.1'
Driver info: org.openqa.selenium.chrome.ChromeDriver
Command: [f678fd013039aafc3afe4f9b831ddb63, findElement {using=xpath, value=//button[text()='Search cars']}]
Capabilities {acceptInsecureCerts: false, browserName: chrome, browserVersion: 103.0.5060.134, chrome: {chromedriverVersion: 102.0.5005.61 (0e59bcc00cc4..., userDataDir: C:\Users\97253\AppData\Loca...}, goog:chromeOptions: {debuggerAddress: localhost:64872}, networkConnectionEnabled: false, pageLoadStrategy: normal, platformName: WINDOWS, proxy: Proxy(), se:cdp: ws://localhost:64872/devtoo..., se:cdpVersion: 103.0.5060.134, setWindowRect: true, strictFileInteractability: false, timeouts: {implicit: 0, pageLoad: 300000, script: 30000}, unhandledPromptBehavior: dismiss and notify, webauthn:extension:credBlob: true, webauthn:extension:largeBlob: true, webauthn:virtualAuthenticators: true}
Session ID: f678fd013039aafc3afe4f9b831ddb63
16:24:35.990  INFO  tests.TestBase - Start test with name --->loginSuccess
16:24:35.990  INFO  manager.MyListener - New Before find by --> By.xpath: //a[text()=' Logout ']
16:24:36.003  INFO  manager.MyListener - WebDriver start find element -->By.xpath: //a[text()=' Logout ']
16:24:36.066  INFO  tests.TestBase - Test start with logout
16:24:36.068  INFO  tests.TestBase - Test start with email : noa@gmail.com & password: Nnoa12345$
16:24:36.068  INFO  manager.MyListener - WebDriver start find element -->By.xpath: //a[text()=' Log in ']
16:24:36.118  INFO  manager.MyListener - WebDriver start find element -->By.id: email
16:24:36.203  INFO  manager.MyListener - WebDriver start find element -->By.id: password
16:24:36.287  INFO  manager.MyListener - WebDriver start find element -->By.cssSelector: button[type='submit']
16:24:36.320  INFO  manager.MyListener - WebDriver start find element -->By.cssSelector: button[type='submit']
16:24:36.358  INFO  manager.MyListener - WebDriver start find element -->By.cssSelector: div.dialog-container
16:24:37.432  INFO  manager.MyListener - WebDriver start find element -->By.cssSelector: div.dialog-container h1
16:24:37.458  INFO  tests.TestBase - Test passed
16:24:37.458  INFO  manager.MyListener - New Before find by --> By.xpath: //button[text()='Ok']
16:24:37.471  INFO  manager.MyListener - WebDriver start find element -->By.xpath: //button[text()='Ok']
16:24:37.512  INFO  tests.TestBase - Start test with name --->loginSuccess
16:24:37.513  INFO  manager.MyListener - New Before find by --> By.xpath: //a[text()=' Logout ']
16:24:37.522  INFO  manager.MyListener - WebDriver start find element -->By.xpath: //a[text()=' Logout ']
16:24:37.574  INFO  tests.TestBase - Test start with logout
16:24:37.574  INFO  tests.TestBase - Test start with email : sonya@gmail.com & password: Ss12345$
16:24:37.574  INFO  manager.MyListener - WebDriver start find element -->By.xpath: //a[text()=' Log in ']
16:24:37.625  INFO  manager.MyListener - WebDriver start find element -->By.id: email
16:24:37.725  INFO  manager.MyListener - WebDriver start find element -->By.id: password
16:24:37.800  INFO  manager.MyListener - WebDriver start find element -->By.cssSelector: button[type='submit']
16:24:37.826  INFO  manager.MyListener - WebDriver start find element -->By.cssSelector: button[type='submit']
16:24:37.867  INFO  manager.MyListener - WebDriver start find element -->By.cssSelector: div.dialog-container
16:24:38.726  INFO  manager.MyListener - WebDriver start find element -->By.cssSelector: div.dialog-container h1
16:24:38.748  INFO  tests.TestBase - Test passed
16:24:38.748  INFO  manager.MyListener - New Before find by --> By.xpath: //button[text()='Ok']
16:24:38.758  INFO  manager.MyListener - WebDriver start find element -->By.xpath: //button[text()='Ok']
16:24:38.794  INFO  tests.TestBase - Start test with name --->loginSuccess
16:24:38.795  INFO  manager.MyListener - New Before find by --> By.xpath: //a[text()=' Logout ']
16:24:38.805  INFO  manager.MyListener - WebDriver start find element -->By.xpath: //a[text()=' Logout ']
16:24:38.853  INFO  tests.TestBase - Test start with logout
16:24:38.854  INFO  tests.TestBase - Test start with email : noa@gmail.com & password: Nnoa12345$
16:24:38.854  INFO  manager.MyListener - WebDriver start find element -->By.xpath: //a[text()=' Log in ']
16:24:38.902  INFO  manager.MyListener - WebDriver start find element -->By.id: email
16:24:38.992  INFO  manager.MyListener - WebDriver start find element -->By.id: password
16:24:39.069  INFO  manager.MyListener - WebDriver start find element -->By.cssSelector: button[type='submit']
16:24:39.096  INFO  manager.MyListener - WebDriver start find element -->By.cssSelector: button[type='submit']
16:24:39.130  INFO  manager.MyListener - WebDriver start find element -->By.cssSelector: div.dialog-container
16:24:40.736  INFO  manager.MyListener - WebDriver start find element -->By.cssSelector: div.dialog-container h1
16:24:40.752  INFO  tests.TestBase - Test passed
16:24:40.753  INFO  manager.MyListener - New Before find by --> By.xpath: //button[text()='Ok']
16:24:40.762  INFO  manager.MyListener - WebDriver start find element -->By.xpath: //button[text()='Ok']
16:24:40.794  INFO  tests.TestBase - Start test with name --->loginSuccess
16:24:40.795  INFO  manager.MyListener - New Before find by --> By.xpath: //a[text()=' Logout ']
16:24:40.805  INFO  manager.MyListener - WebDriver start find element -->By.xpath: //a[text()=' Logout ']
16:24:40.861  INFO  tests.TestBase - Test start with logout
16:24:40.862  INFO  tests.TestBase - Test start with email : sonya@gmail.com & password: Ss12345$
16:24:40.862  INFO  manager.MyListener - WebDriver start find element -->By.xpath: //a[text()=' Log in ']
16:24:40.915  INFO  manager.MyListener - WebDriver start find element -->By.id: email
16:24:41.011  INFO  manager.MyListener - WebDriver start find element -->By.id: password
16:24:41.085  INFO  manager.MyListener - WebDriver start find element -->By.cssSelector: button[type='submit']
16:24:41.106  INFO  manager.MyListener - WebDriver start find element -->By.cssSelector: button[type='submit']
16:24:41.141  INFO  manager.MyListener - WebDriver start find element -->By.cssSelector: div.dialog-container
16:24:41.531  INFO  manager.MyListener - WebDriver start find element -->By.cssSelector: div.dialog-container h1
16:24:41.552  INFO  tests.TestBase - Test passed
16:24:41.553  INFO  manager.MyListener - New Before find by --> By.xpath: //button[text()='Ok']
16:24:41.564  INFO  manager.MyListener - WebDriver start find element -->By.xpath: //button[text()='Ok']
16:24:41.601  INFO  tests.TestBase - Start test with name --->loginSuccess2
16:24:41.601  INFO  manager.MyListener - New Before find by --> By.xpath: //a[text()=' Logout ']
16:24:41.609  INFO  manager.MyListener - WebDriver start find element -->By.xpath: //a[text()=' Logout ']
16:24:41.662  INFO  tests.TestBase - Test start with logout
16:24:41.663  INFO  manager.MyListener - WebDriver start find element -->By.xpath: //a[text()=' Log in ']
16:24:41.721  INFO  manager.MyListener - WebDriver start find element -->By.id: email
16:24:41.810  INFO  manager.MyListener - WebDriver start find element -->By.id: password
16:24:41.887  INFO  manager.MyListener - WebDriver start find element -->By.cssSelector: button[type='submit']
16:24:41.918  INFO  manager.MyListener - WebDriver start find element -->By.cssSelector: button[type='submit']
16:24:41.956  INFO  manager.MyListener - WebDriver start find element -->By.cssSelector: div.dialog-container
16:24:42.976  INFO  manager.MyListener - WebDriver start find element -->By.cssSelector: div.dialog-container h1
16:24:42.998  INFO  manager.MyListener - New Before find by --> By.xpath: //button[text()='Ok']
16:24:43.007  INFO  manager.MyListener - WebDriver start find element -->By.xpath: //button[text()='Ok']
16:24:43.047  INFO  tests.TestBase - Start test with name --->registrationSuccess
16:24:43.047  INFO  manager.MyListener - New Before find by --> By.xpath: //a[text()=' Logout ']
16:24:43.057  INFO  manager.MyListener - WebDriver start find element -->By.xpath: //a[text()=' Logout ']
16:24:43.116  INFO  manager.MyListener - WebDriver start find element -->By.xpath: //a[text()=' Sign up ']
16:24:43.174  INFO  manager.MyListener - WebDriver start find element -->By.id: name
16:24:43.252  INFO  manager.MyListener - WebDriver start find element -->By.id: lastName
16:24:43.325  INFO  manager.MyListener - WebDriver start find element -->By.id: email
16:24:43.423  INFO  manager.MyListener - WebDriver start find element -->By.id: password
16:24:43.490  INFO  manager.MyListener - WebDriver start find element -->By.cssSelector: label[for='terms-of-use']
16:24:43.654  INFO  manager.MyListener - WebDriver start find element -->By.cssSelector: button[type='submit']
16:24:43.681  INFO  manager.MyListener - WebDriver start find element -->By.cssSelector: button[type='submit']
16:24:43.717  INFO  manager.MyListener - WebDriver start find element -->By.cssSelector: div.dialog-container
16:24:44.699  INFO  manager.MyListener - WebDriver start find element -->By.cssSelector: div.dialog-container h1
16:24:44.721  INFO  manager.MyListener - New Before find by --> By.xpath: //button[text()='Ok']
16:24:44.730  INFO  manager.MyListener - WebDriver start find element -->By.xpath: //button[text()='Ok']
16:24:44.763  INFO  tests.TestBase - Start test with name --->registrationWrongPasswordFormatSize
16:24:44.764  INFO  manager.MyListener - New Before find by --> By.xpath: //a[text()=' Logout ']
16:24:44.772  INFO  manager.MyListener - WebDriver start find element -->By.xpath: //a[text()=' Logout ']
16:24:44.825  INFO  manager.MyListener - WebDriver start find element -->By.xpath: //a[text()=' Sign up ']
16:24:44.875  INFO  manager.MyListener - WebDriver start find element -->By.id: name
16:24:44.946  INFO  manager.MyListener - WebDriver start find element -->By.id: lastName
16:24:45.018  INFO  manager.MyListener - WebDriver start find element -->By.id: email
16:24:45.116  INFO  manager.MyListener - WebDriver start find element -->By.id: password
16:24:45.183  INFO  manager.MyListener - WebDriver start find element -->By.cssSelector: label[for='terms-of-use']
16:24:45.218  INFO  manager.MyListener - WebDriver start find element -->By.cssSelector: div.error div:last-child
16:24:45.240  INFO  manager.MyListener - WebDriver start find element -->By.cssSelector: div.error div:last-child
16:24:45.254  INFO  manager.MyListener - WebDriver start find element -->By.cssSelector: div.error div:first-child
16:24:45.276  INFO  manager.MyListener - WebDriver start find element -->By.cssSelector: div.error div:first-child
16:24:45.295  INFO  manager.MyListener - New Before find by --> By.cssSelector: button[disabled]
16:24:45.308  INFO  manager.MyListener - WebDriver start find element -->By.cssSelector: [type='submit']
16:24:45.330  INFO  manager.MyListener - New Before find by --> By.xpath: //button[text()='Ok']
16:24:50.355  INFO  tests.TestBase - Start test with name --->searchAnyPeriod
16:24:50.356  INFO  manager.MyListener - WebDriver start find element -->By.cssSelector: .logo
16:24:50.591  INFO  manager.MyListener - WebDriver start find element -->By.id: city
16:24:50.615  INFO  manager.MyListener - WebDriver start find element -->By.id: city
16:24:51.215  INFO  manager.MyListener - WebDriver start find element -->By.cssSelector: .pac-item
16:24:51.261  INFO  manager.MyListener - WebDriver start find element -->By.id: dates
16:24:51.322  INFO  manager.MyListener - WebDriver start find element -->By.id: dates
16:24:51.388  INFO  manager.MyListener - WebDriver start find element -->By.xpath: //button[@aria-label='Next month']
16:24:51.441  INFO  manager.MyListener - WebDriver start find element -->By.xpath: //button[@aria-label='Next month']
16:24:51.492  INFO  manager.MyListener - WebDriver start find element -->By.xpath: //button[@aria-label='Next month']
16:24:51.536  INFO  manager.MyListener - WebDriver start find element -->By.xpath: //button[@aria-label='Next month']
16:24:51.573  INFO  manager.MyListener - WebDriver start find element -->By.xpath: //button[@aria-label='Next month']
16:24:51.615  INFO  manager.MyListener - WebDriver start find element -->By.xpath: //button[@aria-label='Next month']
16:24:51.656  INFO  manager.MyListener - WebDriver start find element -->By.xpath: //button[@aria-label='Next month']
16:24:51.695  INFO  manager.MyListener - WebDriver start find element -->By.xpath: //button[@aria-label='Next month']
16:24:51.730  INFO  manager.MyListener - WebDriver start find element -->By.xpath: //button[@aria-label='Next month']
16:24:51.765  INFO  manager.MyListener - WebDriver start find element -->By.xpath: //button[@aria-label='Next month']
16:24:51.797  INFO  manager.MyListener - WebDriver start find element -->By.xpath: //button[@aria-label='Next month']
16:24:51.844  INFO  manager.MyListener - WebDriver start find element -->By.xpath: //div[text()=' 10 ']
16:24:51.896  INFO  manager.MyListener - WebDriver start find element -->By.xpath: //button[@aria-label='Next month']
16:24:51.929  INFO  manager.MyListener - WebDriver start find element -->By.xpath: //div[text()=' 15 ']
16:24:51.974  INFO  manager.MyListener - WebDriver start find element -->By.cssSelector: button[type='submit']
16:24:52.002  INFO  manager.MyListener - WebDriver start find element -->By.cssSelector: button[type='submit']
16:24:52.073  INFO  manager.MyListener - New Before find by --> By.cssSelector: .cars-container.ng-star-inserted
16:24:53.293  INFO  tests.TestBase - Start test with name --->searchCurrentMonth
16:24:53.294  INFO  manager.MyListener - WebDriver start find element -->By.cssSelector: .logo
16:24:53.437  INFO  manager.MyListener - WebDriver start find element -->By.id: city
16:24:53.456  INFO  manager.MyListener - WebDriver start find element -->By.id: city
16:24:54.079  INFO  manager.MyListener - WebDriver start find element -->By.cssSelector: .pac-item
16:24:54.126  INFO  manager.MyListener - WebDriver start find element -->By.id: dates
16:24:54.175  INFO  manager.MyListener - WebDriver start find element -->By.id: dates
16:24:54.221  INFO  manager.MyListener - WebDriver start find element -->By.xpath: //div[text()=' 1 ']
16:24:54.260  INFO  manager.MyListener - WebDriver start find element -->By.xpath: //div[text()=' 2 ']
16:24:54.296  INFO  manager.MyListener - WebDriver start find element -->By.cssSelector: button[type='submit']
16:24:59.620  INFO  tests.TestBase - Start test with name --->searchCurrentYear
16:24:59.621  INFO  manager.MyListener - WebDriver start find element -->By.cssSelector: .logo
16:25:00.712  INFO  manager.MyListener - The name of method with error -->click
16:25:00.713  INFO  manager.MyListener - We have a problem ---> org.openqa.selenium.ElementClickInterceptedException: element click intercepted: Element <a _ngcontent-lqq-c25="" href="/" class="logo">...</a> is not clickable at point (284, 34). Other element would receive the click: <div class="cdk-overlay-backdrop mat-overlay-transparent-backdrop cdk-overlay-backdrop-showing"></div>
  (Session info: chrome=103.0.5060.134)
Build info: version: '4.3.0', revision: 'a4995e2c09*'
System info: host: 'DESKTOP-P7LS7IG', ip: '192.168.1.22', os.name: 'Windows 11', os.arch: 'amd64', os.version: '10.0', java.version: '11.0.15.1'
Driver info: org.openqa.selenium.chrome.ChromeDriver
Command: [f678fd013039aafc3afe4f9b831ddb63, clickElement {id=8b5d8940-3fc8-43a6-9bbe-2742577d510a}]
Capabilities {acceptInsecureCerts: false, browserName: chrome, browserVersion: 103.0.5060.134, chrome: {chromedriverVersion: 102.0.5005.61 (0e59bcc00cc4..., userDataDir: C:\Users\97253\AppData\Loca...}, goog:chromeOptions: {debuggerAddress: localhost:64872}, networkConnectionEnabled: false, pageLoadStrategy: normal, platformName: WINDOWS, proxy: Proxy(), se:cdp: ws://localhost:64872/devtoo..., se:cdpVersion: 103.0.5060.134, setWindowRect: true, strictFileInteractability: false, timeouts: {implicit: 0, pageLoad: 300000, script: 30000}, unhandledPromptBehavior: dismiss and notify, webauthn:extension:credBlob: true, webauthn:extension:largeBlob: true, webauthn:virtualAuthenticators: true}
Element: [[ChromeDriver: chrome on WINDOWS (f678fd013039aafc3afe4f9b831ddb63)] -> css selector: .logo]
Session ID: f678fd013039aafc3afe4f9b831ddb63
16:25:00.717  INFO  tests.TestBase - Start test with name --->searchCurrentYearLocalDate
16:25:00.717  INFO  manager.MyListener - WebDriver start find element -->By.cssSelector: .logo
16:25:01.792  INFO  manager.MyListener - The name of method with error -->click
16:25:01.792  INFO  manager.MyListener - We have a problem ---> org.openqa.selenium.ElementClickInterceptedException: element click intercepted: Element <a _ngcontent-lqq-c25="" href="/" class="logo">...</a> is not clickable at point (284, 34). Other element would receive the click: <div class="cdk-overlay-backdrop mat-overlay-transparent-backdrop cdk-overlay-backdrop-showing"></div>
  (Session info: chrome=103.0.5060.134)
Build info: version: '4.3.0', revision: 'a4995e2c09*'
System info: host: 'DESKTOP-P7LS7IG', ip: '192.168.1.22', os.name: 'Windows 11', os.arch: 'amd64', os.version: '10.0', java.version: '11.0.15.1'
Driver info: org.openqa.selenium.chrome.ChromeDriver
Command: [f678fd013039aafc3afe4f9b831ddb63, clickElement {id=8b5d8940-3fc8-43a6-9bbe-2742577d510a}]
Capabilities {acceptInsecureCerts: false, browserName: chrome, browserVersion: 103.0.5060.134, chrome: {chromedriverVersion: 102.0.5005.61 (0e59bcc00cc4..., userDataDir: C:\Users\97253\AppData\Loca...}, goog:chromeOptions: {debuggerAddress: localhost:64872}, networkConnectionEnabled: false, pageLoadStrategy: normal, platformName: WINDOWS, proxy: Proxy(), se:cdp: ws://localhost:64872/devtoo..., se:cdpVersion: 103.0.5060.134, setWindowRect: true, strictFileInteractability: false, timeouts: {implicit: 0, pageLoad: 300000, script: 30000}, unhandledPromptBehavior: dismiss and notify, webauthn:extension:credBlob: true, webauthn:extension:largeBlob: true, webauthn:virtualAuthenticators: true}
Element: [[ChromeDriver: chrome on WINDOWS (f678fd013039aafc3afe4f9b831ddb63)] -> css selector: .logo]
Session ID: f678fd013039aafc3afe4f9b831ddb63
16:25:01.794  INFO  tests.TestBase - Start test with name --->searchNextMonth
16:25:01.795  INFO  manager.MyListener - WebDriver start find element -->By.cssSelector: .logo
16:25:02.876  INFO  manager.MyListener - The name of method with error -->click
16:25:02.877  INFO  manager.MyListener - We have a problem ---> org.openqa.selenium.ElementClickInterceptedException: element click intercepted: Element <a _ngcontent-lqq-c25="" href="/" class="logo">...</a> is not clickable at point (284, 34). Other element would receive the click: <div class="cdk-overlay-backdrop mat-overlay-transparent-backdrop cdk-overlay-backdrop-showing"></div>
  (Session info: chrome=103.0.5060.134)
Build info: version: '4.3.0', revision: 'a4995e2c09*'
System info: host: 'DESKTOP-P7LS7IG', ip: '192.168.1.22', os.name: 'Windows 11', os.arch: 'amd64', os.version: '10.0', java.version: '11.0.15.1'
Driver info: org.openqa.selenium.chrome.ChromeDriver
Command: [f678fd013039aafc3afe4f9b831ddb63, clickElement {id=8b5d8940-3fc8-43a6-9bbe-2742577d510a}]
Capabilities {acceptInsecureCerts: false, browserName: chrome, browserVersion: 103.0.5060.134, chrome: {chromedriverVersion: 102.0.5005.61 (0e59bcc00cc4..., userDataDir: C:\Users\97253\AppData\Loca...}, goog:chromeOptions: {debuggerAddress: localhost:64872}, networkConnectionEnabled: false, pageLoadStrategy: normal, platformName: WINDOWS, proxy: Proxy(), se:cdp: ws://localhost:64872/devtoo..., se:cdpVersion: 103.0.5060.134, setWindowRect: true, strictFileInteractability: false, timeouts: {implicit: 0, pageLoad: 300000, script: 30000}, unhandledPromptBehavior: dismiss and notify, webauthn:extension:credBlob: true, webauthn:extension:largeBlob: true, webauthn:virtualAuthenticators: true}
Element: [[ChromeDriver: chrome on WINDOWS (f678fd013039aafc3afe4f9b831ddb63)] -> css selector: .logo]
Session ID: f678fd013039aafc3afe4f9b831ddb63
16:25:02.880  INFO  tests.TestBase - Start test with name --->searchPeriodPast
16:25:02.881  INFO  manager.MyListener - WebDriver start find element -->By.cssSelector: .logo
16:25:03.959  INFO  manager.MyListener - The name of method with error -->click
16:25:03.960  INFO  manager.MyListener - We have a problem ---> org.openqa.selenium.ElementClickInterceptedException: element click intercepted: Element <a _ngcontent-lqq-c25="" href="/" class="logo">...</a> is not clickable at point (284, 34). Other element would receive the click: <div class="cdk-overlay-backdrop mat-overlay-transparent-backdrop cdk-overlay-backdrop-showing"></div>
  (Session info: chrome=103.0.5060.134)
Build info: version: '4.3.0', revision: 'a4995e2c09*'
System info: host: 'DESKTOP-P7LS7IG', ip: '192.168.1.22', os.name: 'Windows 11', os.arch: 'amd64', os.version: '10.0', java.version: '11.0.15.1'
Driver info: org.openqa.selenium.chrome.ChromeDriver
Command: [f678fd013039aafc3afe4f9b831ddb63, clickElement {id=8b5d8940-3fc8-43a6-9bbe-2742577d510a}]
Capabilities {acceptInsecureCerts: false, browserName: chrome, browserVersion: 103.0.5060.134, chrome: {chromedriverVersion: 102.0.5005.61 (0e59bcc00cc4..., userDataDir: C:\Users\97253\AppData\Loca...}, goog:chromeOptions: {debuggerAddress: localhost:64872}, networkConnectionEnabled: false, pageLoadStrategy: normal, platformName: WINDOWS, proxy: Proxy(), se:cdp: ws://localhost:64872/devtoo..., se:cdpVersion: 103.0.5060.134, setWindowRect: true, strictFileInteractability: false, timeouts: {implicit: 0, pageLoad: 300000, script: 30000}, unhandledPromptBehavior: dismiss and notify, webauthn:extension:credBlob: true, webauthn:extension:largeBlob: true, webauthn:virtualAuthenticators: true}
Element: [[ChromeDriver: chrome on WINDOWS (f678fd013039aafc3afe4f9b831ddb63)] -> css selector: .logo]
Session ID: f678fd013039aafc3afe4f9b831ddb63
