15:05:40.814  INFO  manager.ApplicationManager - All Tests run in Chrome Driver
15:05:42.455  INFO  manager.ApplicationManager - Current Url --> https://ilcarro-1578153671498.web.app/search
15:05:42.489  INFO  tests.TestBase - Start test with name --->addNewCarSuccess2
15:05:42.491  INFO  manager.MyListener - New Before find by --> By.xpath: //a[text()=' Logout ']
15:05:47.548  INFO  manager.MyListener - WebDriver start find element -->By.xpath: //a[text()=' Log in ']
15:05:47.610  INFO  manager.MyListener - WebDriver start find element -->By.id: email
15:05:47.720  INFO  manager.MyListener - WebDriver start find element -->By.id: password
15:05:47.809  INFO  manager.MyListener - WebDriver start find element -->By.cssSelector: button[type='submit']
15:05:47.858  INFO  manager.MyListener - WebDriver start find element -->By.cssSelector: button[type='submit']
15:05:47.905  INFO  manager.MyListener - New Before find by --> By.xpath: //button[text()='Ok']
15:05:53.969  INFO  manager.MyListener - WebDriver start find element -->By.id: 1
15:05:54.045  INFO  manager.MyListener - WebDriver start find element -->By.id: pickUpPlace
15:05:54.147  INFO  manager.MyListener - WebDriver start find element -->By.cssSelector: div.pac-item
15:05:55.088  INFO  manager.MyListener - WebDriver start find element -->By.id: make
15:05:55.178  INFO  manager.MyListener - WebDriver start find element -->By.id: model
15:05:55.276  INFO  manager.MyListener - WebDriver start find element -->By.id: year
15:05:55.366  INFO  manager.MyListener - WebDriver start find element -->By.id: engine
15:05:55.448  INFO  manager.MyListener - WebDriver start find element -->By.id: fuel
15:05:55.509  INFO  manager.MyListener - WebDriver start find element -->By.id: gear
15:05:55.577  INFO  manager.MyListener - WebDriver start find element -->By.id: wheelsDrive
15:05:55.640  INFO  manager.MyListener - WebDriver start find element -->By.id: doors
15:05:55.733  INFO  manager.MyListener - WebDriver start find element -->By.id: seats
15:05:55.822  INFO  manager.MyListener - WebDriver start find element -->By.id: class
15:05:55.905  INFO  manager.MyListener - WebDriver start find element -->By.id: fuelConsumption
15:05:55.996  INFO  manager.MyListener - WebDriver start find element -->By.id: serialNumber
15:05:57.093  INFO  manager.MyListener - The name of method with error -->click
15:05:57.096  INFO  manager.MyListener - We have a problem ---> org.openqa.selenium.ElementClickInterceptedException: element click intercepted: Element <input _ngcontent-kvl-c81="" formcontrolname="serialNumber" id="serialNumber" type="text" class="ng-untouched ng-pristine ng-invalid"> is not clickable at point (222, 857). Other element would receive the click: <label _ngcontent-kvl-c81="" for="serialNumber" class="input-label">...</label>
  (Session info: chrome=103.0.5060.134)
Build info: version: '4.3.0', revision: 'a4995e2c09*'
System info: host: 'DESKTOP-P7LS7IG', ip: '192.168.1.22', os.name: 'Windows 11', os.arch: 'amd64', os.version: '10.0', java.version: '11.0.15.1'
Driver info: org.openqa.selenium.chrome.ChromeDriver
Command: [d9c84a38b0bab752c817c90bc3c4a359, clickElement {id=16f55a7e-3eaf-40e5-97ea-390e2a520456}]
Capabilities {acceptInsecureCerts: false, browserName: chrome, browserVersion: 103.0.5060.134, chrome: {chromedriverVersion: 102.0.5005.61 (0e59bcc00cc4..., userDataDir: C:\Users\97253\AppData\Loca...}, goog:chromeOptions: {debuggerAddress: localhost:62985}, networkConnectionEnabled: false, pageLoadStrategy: normal, platformName: WINDOWS, proxy: Proxy(), se:cdp: ws://localhost:62985/devtoo..., se:cdpVersion: 103.0.5060.134, setWindowRect: true, strictFileInteractability: false, timeouts: {implicit: 0, pageLoad: 300000, script: 30000}, unhandledPromptBehavior: dismiss and notify, webauthn:extension:credBlob: true, webauthn:extension:largeBlob: true, webauthn:virtualAuthenticators: true}
Element: [[ChromeDriver: chrome on WINDOWS (d9c84a38b0bab752c817c90bc3c4a359)] -> id: serialNumber]
Session ID: d9c84a38b0bab752c817c90bc3c4a359
15:05:57.099  INFO  manager.MyListener - WebDriver start find element -->By.xpath: //button[text()='Search cars']
15:06:02.133  INFO  manager.MyListener - The name of method with error -->findElement
15:06:02.133  INFO  manager.MyListener - We have a problem ---> org.openqa.selenium.NoSuchElementException: no such element: Unable to locate element: {"method":"xpath","selector":"//button[text()='Search cars']"}
  (Session info: chrome=103.0.5060.134)
For documentation on this error, please visit: https://selenium.dev/exceptions/#no_such_element
Build info: version: '4.3.0', revision: 'a4995e2c09*'
System info: host: 'DESKTOP-P7LS7IG', ip: '192.168.1.22', os.name: 'Windows 11', os.arch: 'amd64', os.version: '10.0', java.version: '11.0.15.1'
Driver info: org.openqa.selenium.chrome.ChromeDriver
Command: [d9c84a38b0bab752c817c90bc3c4a359, findElement {using=xpath, value=//button[text()='Search cars']}]
Capabilities {acceptInsecureCerts: false, browserName: chrome, browserVersion: 103.0.5060.134, chrome: {chromedriverVersion: 102.0.5005.61 (0e59bcc00cc4..., userDataDir: C:\Users\97253\AppData\Loca...}, goog:chromeOptions: {debuggerAddress: localhost:62985}, networkConnectionEnabled: false, pageLoadStrategy: normal, platformName: WINDOWS, proxy: Proxy(), se:cdp: ws://localhost:62985/devtoo..., se:cdpVersion: 103.0.5060.134, setWindowRect: true, strictFileInteractability: false, timeouts: {implicit: 0, pageLoad: 300000, script: 30000}, unhandledPromptBehavior: dismiss and notify, webauthn:extension:credBlob: true, webauthn:extension:largeBlob: true, webauthn:virtualAuthenticators: true}
Session ID: d9c84a38b0bab752c817c90bc3c4a359
