19:15:49.690  INFO  manager.ApplicationManager - All Tests run in Chrome Driver
19:15:51.675  INFO  manager.ApplicationManager - Current Url --> https://ilcarro-1578153671498.web.app/search
19:15:51.703  INFO  tests.TestBase - Start test with name --->registrationSuccess2
19:15:51.704  INFO  manager.MyListener - New Before find by --> By.xpath: //a[text()=' Logout ']
19:15:56.767  INFO  manager.MyListener - WebDriver start find element -->By.xpath: //a[text()=' Sign up ']
19:15:56.831  INFO  manager.MyListener - WebDriver start find element -->By.id: name
19:15:56.929  INFO  manager.MyListener - WebDriver start find element -->By.id: lastName
19:15:57.009  INFO  manager.MyListener - WebDriver start find element -->By.id: email
19:15:57.117  INFO  manager.MyListener - WebDriver start find element -->By.id: password
19:15:57.204  INFO  manager.MyListener - WebDriver start find element -->By.cssSelector: label[for='terms-of-use']
19:15:57.377  INFO  manager.MyListener - WebDriver start find element -->By.cssSelector: button[type='submit']
19:15:57.424  INFO  manager.MyListener - WebDriver start find element -->By.cssSelector: button[type='submit']
19:15:57.469  INFO  manager.MyListener - WebDriver start find element -->By.cssSelector: div.dialog-container
19:15:57.874  INFO  manager.MyListener - WebDriver start find element -->By.cssSelector: div.dialog-container h1
19:15:57.910  INFO  manager.MyListener - New Before find by --> By.xpath: //button[text()='Ok']
19:15:57.927  INFO  manager.MyListener - WebDriver start find element -->By.xpath: //button[text()='Ok']
19:15:57.968  INFO  tests.TestBase - Start test with name --->registrationSuccess2
19:15:57.969  INFO  manager.MyListener - New Before find by --> By.xpath: //a[text()=' Logout ']
19:16:02.991  INFO  manager.MyListener - WebDriver start find element -->By.xpath: //a[text()=' Sign up ']
19:16:03.031  INFO  manager.MyListener - WebDriver start find element -->By.id: name
19:16:03.103  INFO  manager.MyListener - WebDriver start find element -->By.id: lastName
19:16:03.170  INFO  manager.MyListener - WebDriver start find element -->By.id: email
19:16:03.246  INFO  manager.MyListener - WebDriver start find element -->By.id: password
19:16:03.322  INFO  manager.MyListener - WebDriver start find element -->By.cssSelector: label[for='terms-of-use']
19:16:03.472  INFO  manager.MyListener - WebDriver start find element -->By.cssSelector: button[type='submit']
19:16:08.744  INFO  manager.MyListener - New Before find by --> By.xpath: //button[text()='Ok']
19:16:13.783  INFO  tests.TestBase - Start test with name --->registrationSuccess2
19:16:13.784  INFO  manager.MyListener - New Before find by --> By.xpath: //a[text()=' Logout ']
19:16:18.845  INFO  manager.MyListener - WebDriver start find element -->By.xpath: //a[text()=' Sign up ']
19:16:18.946  INFO  manager.MyListener - WebDriver start find element -->By.id: name
19:16:18.966  INFO  manager.MyListener - The name of method with error -->findElement
19:16:18.967  INFO  manager.MyListener - We have a problem ---> org.openqa.selenium.NoSuchWindowException: no such window: target window already closed
from unknown error: web view not found
  (Session info: chrome=103.0.5060.134)
Build info: version: '4.2.2', revision: '683ccb65d6'
System info: host: 'DESKTOP-P7LS7IG', ip: '192.168.1.22', os.name: 'Windows 11', os.arch: 'amd64', os.version: '10.0', java.version: '11.0.15.1'
Driver info: org.openqa.selenium.chrome.ChromeDriver
Command: [0f93638c2929c2695fcc2decef51f1b3, findElement {using=id, value=name}]
Capabilities {acceptInsecureCerts: false, browserName: chrome, browserVersion: 103.0.5060.134, chrome: {chromedriverVersion: 102.0.5005.61 (0e59bcc00cc4..., userDataDir: C:\Users\97253\AppData\Loca...}, goog:chromeOptions: {debuggerAddress: localhost:63672}, networkConnectionEnabled: false, pageLoadStrategy: normal, platformName: WINDOWS, proxy: Proxy(), se:cdp: ws://localhost:63672/devtoo..., se:cdpVersion: 103.0.5060.134, setWindowRect: true, strictFileInteractability: false, timeouts: {implicit: 0, pageLoad: 300000, script: 30000}, unhandledPromptBehavior: dismiss and notify, webauthn:extension:credBlob: true, webauthn:extension:largeBlob: true, webauthn:virtualAuthenticators: true}
Session ID: 0f93638c2929c2695fcc2decef51f1b3
19:16:18.968  INFO  manager.MyListener - New Before find by --> By.xpath: //button[text()='Ok']
19:16:18.981  INFO  manager.MyListener - The name of method with error -->findElements
19:16:18.981  INFO  manager.MyListener - We have a problem ---> org.openqa.selenium.NoSuchWindowException: no such window: target window already closed
from unknown error: web view not found
  (Session info: chrome=103.0.5060.134)
Build info: version: '4.2.2', revision: '683ccb65d6'
System info: host: 'DESKTOP-P7LS7IG', ip: '192.168.1.22', os.name: 'Windows 11', os.arch: 'amd64', os.version: '10.0', java.version: '11.0.15.1'
Driver info: org.openqa.selenium.chrome.ChromeDriver
Command: [0f93638c2929c2695fcc2decef51f1b3, findElements {using=xpath, value=//button[text()='Ok']}]
Capabilities {acceptInsecureCerts: false, browserName: chrome, browserVersion: 103.0.5060.134, chrome: {chromedriverVersion: 102.0.5005.61 (0e59bcc00cc4..., userDataDir: C:\Users\97253\AppData\Loca...}, goog:chromeOptions: {debuggerAddress: localhost:63672}, networkConnectionEnabled: false, pageLoadStrategy: normal, platformName: WINDOWS, proxy: Proxy(), se:cdp: ws://localhost:63672/devtoo..., se:cdpVersion: 103.0.5060.134, setWindowRect: true, strictFileInteractability: false, timeouts: {implicit: 0, pageLoad: 300000, script: 30000}, unhandledPromptBehavior: dismiss and notify, webauthn:extension:credBlob: true, webauthn:extension:largeBlob: true, webauthn:virtualAuthenticators: true}
Session ID: 0f93638c2929c2695fcc2decef51f1b3
