15:35:06.457  INFO  manager.ApplicationManager - All Tests run in Chrome Driver
15:35:08.529  INFO  manager.ApplicationManager - Current Url --> https://ilcarro-1578153671498.web.app/search
15:35:08.562  INFO  tests.TestBase - Start test with name --->addNewCarSuccess
15:35:08.564  INFO  manager.MyListener - New Before find by --> By.xpath: //a[text()=' Logout ']
15:35:13.622  INFO  manager.MyListener - WebDriver start find element -->By.xpath: //a[text()=' Log in ']
15:35:13.684  INFO  manager.MyListener - WebDriver start find element -->By.id: email
15:35:13.810  INFO  manager.MyListener - WebDriver start find element -->By.id: password
15:35:13.898  INFO  manager.MyListener - WebDriver start find element -->By.cssSelector: button[type='submit']
15:35:13.947  INFO  manager.MyListener - WebDriver start find element -->By.cssSelector: button[type='submit']
15:35:13.991  INFO  manager.MyListener - New Before find by --> By.xpath: //button[text()='Ok']
15:35:15.065  INFO  manager.MyListener - WebDriver start find element -->By.xpath: //button[text()='Ok']
15:35:16.121  INFO  manager.MyListener - WebDriver start find element -->By.id: 1
15:35:16.197  INFO  manager.MyListener - WebDriver start find element -->By.id: pickUpPlace
15:35:16.305  INFO  manager.MyListener - WebDriver start find element -->By.cssSelector: div.pac-item
15:35:17.234  INFO  manager.MyListener - WebDriver start find element -->By.id: make
15:35:17.328  INFO  manager.MyListener - WebDriver start find element -->By.id: model
15:35:17.410  INFO  manager.MyListener - WebDriver start find element -->By.id: year
15:35:17.506  INFO  manager.MyListener - WebDriver start find element -->By.id: engine
15:35:17.590  INFO  manager.MyListener - WebDriver start find element -->By.id: fuel
15:35:17.652  INFO  manager.MyListener - WebDriver start find element -->By.id: gear
15:35:17.718  INFO  manager.MyListener - WebDriver start find element -->By.id: wheelsDrive
15:35:17.782  INFO  manager.MyListener - WebDriver start find element -->By.id: doors
15:35:17.893  INFO  manager.MyListener - WebDriver start find element -->By.id: seats
15:35:17.996  INFO  manager.MyListener - WebDriver start find element -->By.id: class
15:35:18.080  INFO  manager.MyListener - WebDriver start find element -->By.id: fuelConsumption
15:35:18.181  INFO  manager.MyListener - WebDriver start find element -->By.id: serialNumber
15:35:18.281  INFO  manager.MyListener - WebDriver start find element -->By.id: price
15:35:18.382  INFO  manager.MyListener - WebDriver start find element -->By.id: distance
15:35:18.493  INFO  manager.MyListener - WebDriver start find element -->By.cssSelector: input[placeholder='Type feature']
15:35:18.580  INFO  manager.MyListener - WebDriver start find element -->By.id: about
15:35:18.664  INFO  manager.MyListener - WebDriver start find element -->By.id: photos
15:35:18.708  INFO  manager.MyListener - WebDriver start find element -->By.cssSelector: button[type='submit']
15:35:20.333  INFO  manager.MyListener - WebDriver start find element -->By.cssSelector: button[type='submit']
15:35:20.373  INFO  manager.MyListener - WebDriver start find element -->By.cssSelector: div.dialog-container
15:35:21.939  INFO  manager.MyListener - WebDriver start find element -->By.cssSelector: div.dialog-container h1
15:35:21.968  INFO  manager.MyListener - WebDriver start find element -->By.xpath: //button[text()='Search cars']
15:35:22.015  INFO  tests.TestBase - Start test with name --->loginSuccess
15:35:22.015  INFO  manager.MyListener - New Before find by --> By.xpath: //a[text()=' Logout ']
15:35:22.029  INFO  manager.MyListener - WebDriver start find element -->By.xpath: //a[text()=' Logout ']
15:35:22.152  INFO  tests.TestBase - Test start with logout
15:35:22.153  INFO  tests.TestBase - Test start with email : 'noa@gmail.com' & password 'Nnoa12345$'
15:35:22.154  INFO  manager.MyListener - WebDriver start find element -->By.xpath: //a[text()=' Log in ']
15:35:22.206  INFO  manager.MyListener - WebDriver start find element -->By.id: email
15:35:22.740  INFO  manager.MyListener - New Before find by --> By.xpath: //button[text()='Ok']
15:35:27.760  INFO  tests.TestBase - Start test with name --->loginSuccess2
15:35:27.761  INFO  manager.MyListener - New Before find by --> By.xpath: //a[text()=' Logout ']
15:35:32.825  INFO  manager.MyListener - WebDriver start find element -->By.xpath: //a[text()=' Log in ']
15:35:32.872  INFO  manager.MyListener - WebDriver start find element -->By.id: email
15:35:33.291  INFO  manager.MyListener - New Before find by --> By.xpath: //button[text()='Ok']
15:35:38.302  INFO  tests.TestBase - Start test with name --->registrationSuccess
15:35:38.303  INFO  manager.MyListener - New Before find by --> By.xpath: //a[text()=' Logout ']
15:35:43.317  INFO  manager.MyListener - WebDriver start find element -->By.xpath: //a[text()=' Sign up ']
15:35:43.370  INFO  manager.MyListener - WebDriver start find element -->By.id: name
15:35:43.442  INFO  manager.MyListener - WebDriver start find element -->By.id: lastName
15:35:43.519  INFO  manager.MyListener - WebDriver start find element -->By.id: email
15:35:43.604  INFO  manager.MyListener - WebDriver start find element -->By.id: password
15:35:43.679  INFO  manager.MyListener - WebDriver start find element -->By.cssSelector: label[for='terms-of-use']
15:35:44.169  INFO  manager.MyListener - WebDriver start find element -->By.cssSelector: button[type='submit']
15:35:49.232  INFO  manager.MyListener - The name of method with error -->findElement
15:35:49.234  INFO  manager.MyListener - We have a problem ---> org.openqa.selenium.NoSuchElementException: no such element: Unable to locate element: {"method":"css selector","selector":"button[type='submit']"}
  (Session info: chrome=103.0.5060.134)
For documentation on this error, please visit: https://selenium.dev/exceptions/#no_such_element
Build info: version: '4.2.2', revision: '683ccb65d6'
System info: host: 'DESKTOP-P7LS7IG', ip: '192.168.1.22', os.name: 'Windows 11', os.arch: 'amd64', os.version: '10.0', java.version: '11.0.15.1'
Driver info: org.openqa.selenium.chrome.ChromeDriver
Command: [9967ad396131d2e30e4f22cd647bbd19, findElement {using=css selector, value=button[type='submit']}]
Capabilities {acceptInsecureCerts: false, browserName: chrome, browserVersion: 103.0.5060.134, chrome: {chromedriverVersion: 102.0.5005.61 (0e59bcc00cc4..., userDataDir: C:\Users\97253\AppData\Loca...}, goog:chromeOptions: {debuggerAddress: localhost:55218}, networkConnectionEnabled: false, pageLoadStrategy: normal, platformName: WINDOWS, proxy: Proxy(), se:cdp: ws://localhost:55218/devtoo..., se:cdpVersion: 103.0.5060.134, setWindowRect: true, strictFileInteractability: false, timeouts: {implicit: 0, pageLoad: 300000, script: 30000}, unhandledPromptBehavior: dismiss and notify, webauthn:extension:credBlob: true, webauthn:extension:largeBlob: true, webauthn:virtualAuthenticators: true}
Session ID: 9967ad396131d2e30e4f22cd647bbd19
15:35:49.235  INFO  manager.MyListener - New Before find by --> By.xpath: //button[text()='Ok']
15:35:54.293  INFO  tests.TestBase - Start test with name --->registrationSuccess2
15:35:54.294  INFO  manager.MyListener - New Before find by --> By.xpath: //a[text()=' Logout ']
15:35:59.330  INFO  manager.MyListener - WebDriver start find element -->By.xpath: //a[text()=' Sign up ']
15:35:59.385  INFO  manager.MyListener - WebDriver start find element -->By.id: name
15:35:59.462  INFO  manager.MyListener - WebDriver start find element -->By.id: lastName
15:35:59.546  INFO  manager.MyListener - WebDriver start find element -->By.id: email
15:35:59.657  INFO  manager.MyListener - WebDriver start find element -->By.id: password
15:35:59.744  INFO  manager.MyListener - WebDriver start find element -->By.cssSelector: label[for='terms-of-use']
15:35:59.900  INFO  manager.MyListener - WebDriver start find element -->By.cssSelector: button[type='submit']
15:35:59.934  INFO  manager.MyListener - WebDriver start find element -->By.cssSelector: button[type='submit']
15:35:59.973  INFO  manager.MyListener - WebDriver start find element -->By.cssSelector: div.dialog-container
15:36:00.364  INFO  manager.MyListener - WebDriver start find element -->By.cssSelector: div.dialog-container h1
15:36:00.397  INFO  manager.MyListener - New Before find by --> By.xpath: //button[text()='Ok']
15:36:00.409  INFO  manager.MyListener - WebDriver start find element -->By.xpath: //button[text()='Ok']
15:36:00.461  INFO  tests.TestBase - Start test with name --->registrationWrongPasswordFormatSize
15:36:00.462  INFO  manager.MyListener - New Before find by --> By.xpath: //a[text()=' Logout ']
15:36:05.508  INFO  manager.MyListener - WebDriver start find element -->By.xpath: //a[text()=' Sign up ']
15:36:05.539  INFO  manager.MyListener - WebDriver start find element -->By.id: name
15:36:05.610  INFO  manager.MyListener - WebDriver start find element -->By.id: lastName
15:36:05.697  INFO  manager.MyListener - WebDriver start find element -->By.id: email
15:36:05.765  INFO  manager.MyListener - WebDriver start find element -->By.id: password
15:36:05.836  INFO  manager.MyListener - WebDriver start find element -->By.cssSelector: label[for='terms-of-use']
15:36:05.990  INFO  manager.MyListener - WebDriver start find element -->By.cssSelector: div.error div:last-child
15:36:11.023  INFO  manager.MyListener - The name of method with error -->findElement
15:36:11.023  INFO  manager.MyListener - We have a problem ---> org.openqa.selenium.NoSuchElementException: no such element: Unable to locate element: {"method":"css selector","selector":"div.error div:last-child"}
  (Session info: chrome=103.0.5060.134)
For documentation on this error, please visit: https://selenium.dev/exceptions/#no_such_element
Build info: version: '4.2.2', revision: '683ccb65d6'
System info: host: 'DESKTOP-P7LS7IG', ip: '192.168.1.22', os.name: 'Windows 11', os.arch: 'amd64', os.version: '10.0', java.version: '11.0.15.1'
Driver info: org.openqa.selenium.chrome.ChromeDriver
Command: [9967ad396131d2e30e4f22cd647bbd19, findElement {using=css selector, value=div.error div:last-child}]
Capabilities {acceptInsecureCerts: false, browserName: chrome, browserVersion: 103.0.5060.134, chrome: {chromedriverVersion: 102.0.5005.61 (0e59bcc00cc4..., userDataDir: C:\Users\97253\AppData\Loca...}, goog:chromeOptions: {debuggerAddress: localhost:55218}, networkConnectionEnabled: false, pageLoadStrategy: normal, platformName: WINDOWS, proxy: Proxy(), se:cdp: ws://localhost:55218/devtoo..., se:cdpVersion: 103.0.5060.134, setWindowRect: true, strictFileInteractability: false, timeouts: {implicit: 0, pageLoad: 300000, script: 30000}, unhandledPromptBehavior: dismiss and notify, webauthn:extension:credBlob: true, webauthn:extension:largeBlob: true, webauthn:virtualAuthenticators: true}
Session ID: 9967ad396131d2e30e4f22cd647bbd19
15:36:11.024  INFO  manager.MyListener - New Before find by --> By.xpath: //button[text()='Ok']
15:36:16.068  INFO  tests.TestBase - Start test with name --->searchAnyPeriod
15:36:16.069  INFO  manager.MyListener - WebDriver start find element -->By.id: city
15:36:21.091  INFO  manager.MyListener - The name of method with error -->findElement
15:36:21.091  INFO  manager.MyListener - We have a problem ---> org.openqa.selenium.NoSuchElementException: no such element: Unable to locate element: {"method":"css selector","selector":"#city"}
  (Session info: chrome=103.0.5060.134)
For documentation on this error, please visit: https://selenium.dev/exceptions/#no_such_element
Build info: version: '4.2.2', revision: '683ccb65d6'
System info: host: 'DESKTOP-P7LS7IG', ip: '192.168.1.22', os.name: 'Windows 11', os.arch: 'amd64', os.version: '10.0', java.version: '11.0.15.1'
Driver info: org.openqa.selenium.chrome.ChromeDriver
Command: [9967ad396131d2e30e4f22cd647bbd19, findElement {using=id, value=city}]
Capabilities {acceptInsecureCerts: false, browserName: chrome, browserVersion: 103.0.5060.134, chrome: {chromedriverVersion: 102.0.5005.61 (0e59bcc00cc4..., userDataDir: C:\Users\97253\AppData\Loca...}, goog:chromeOptions: {debuggerAddress: localhost:55218}, networkConnectionEnabled: false, pageLoadStrategy: normal, platformName: WINDOWS, proxy: Proxy(), se:cdp: ws://localhost:55218/devtoo..., se:cdpVersion: 103.0.5060.134, setWindowRect: true, strictFileInteractability: false, timeouts: {implicit: 0, pageLoad: 300000, script: 30000}, unhandledPromptBehavior: dismiss and notify, webauthn:extension:credBlob: true, webauthn:extension:largeBlob: true, webauthn:virtualAuthenticators: true}
Session ID: 9967ad396131d2e30e4f22cd647bbd19
15:36:21.093  INFO  manager.MyListener - WebDriver start find element -->By.cssSelector: .logo
15:36:21.262  INFO  tests.TestBase - Start test with name --->searchCurrentMonth
15:36:21.263  INFO  manager.MyListener - WebDriver start find element -->By.id: city
15:36:21.292  INFO  manager.MyListener - WebDriver start find element -->By.id: city
15:36:21.918  INFO  manager.MyListener - WebDriver start find element -->By.cssSelector: .pac-item
15:36:21.969  INFO  manager.MyListener - WebDriver start find element -->By.id: dates
15:36:22.034  INFO  manager.MyListener - WebDriver start find element -->By.id: dates
15:36:22.099  INFO  manager.MyListener - WebDriver start find element -->By.xpath: //div[text()=' 28 ']
15:36:22.141  INFO  manager.MyListener - WebDriver start find element -->By.xpath: //div[text()=' 27 ']
15:36:22.180  INFO  manager.MyListener - WebDriver start find element -->By.cssSelector: button[type='submit']
15:36:27.510  INFO  manager.MyListener - WebDriver start find element -->By.cssSelector: .logo
15:36:28.599  INFO  manager.MyListener - The name of method with error -->click
15:36:28.599  INFO  manager.MyListener - We have a problem ---> org.openqa.selenium.ElementClickInterceptedException: element click intercepted: Element <a _ngcontent-vgk-c25="" href="/" class="logo">...</a> is not clickable at point (284, 34). Other element would receive the click: <div class="cdk-overlay-backdrop mat-overlay-transparent-backdrop cdk-overlay-backdrop-showing"></div>
  (Session info: chrome=103.0.5060.134)
Build info: version: '4.2.2', revision: '683ccb65d6'
System info: host: 'DESKTOP-P7LS7IG', ip: '192.168.1.22', os.name: 'Windows 11', os.arch: 'amd64', os.version: '10.0', java.version: '11.0.15.1'
Driver info: org.openqa.selenium.chrome.ChromeDriver
Command: [9967ad396131d2e30e4f22cd647bbd19, clickElement {id=29b52fcf-f655-4e75-aa82-948e9ce91b67}]
Capabilities {acceptInsecureCerts: false, browserName: chrome, browserVersion: 103.0.5060.134, chrome: {chromedriverVersion: 102.0.5005.61 (0e59bcc00cc4..., userDataDir: C:\Users\97253\AppData\Loca...}, goog:chromeOptions: {debuggerAddress: localhost:55218}, networkConnectionEnabled: false, pageLoadStrategy: normal, platformName: WINDOWS, proxy: Proxy(), se:cdp: ws://localhost:55218/devtoo..., se:cdpVersion: 103.0.5060.134, setWindowRect: true, strictFileInteractability: false, timeouts: {implicit: 0, pageLoad: 300000, script: 30000}, unhandledPromptBehavior: dismiss and notify, webauthn:extension:credBlob: true, webauthn:extension:largeBlob: true, webauthn:virtualAuthenticators: true}
Element: [[ChromeDriver: chrome on WINDOWS (9967ad396131d2e30e4f22cd647bbd19)] -> css selector: .logo]
Session ID: 9967ad396131d2e30e4f22cd647bbd19
