19:38:58.756  INFO  manager.ApplicationManager - All Tests run in Chrome Driver
19:39:00.360  INFO  manager.ApplicationManager - Current Url --> https://ilcarro-1578153671498.web.app/search
19:39:00.385  INFO  tests.TestBase - Start test with name --->addNewCarSuccess
19:39:00.386  INFO  manager.MyListener - New Before find by --> By.xpath: //a[text()=' Logout ']
19:39:05.428  INFO  manager.MyListener - WebDriver start find element -->By.xpath: //a[text()=' Log in ']
19:39:05.494  INFO  manager.MyListener - WebDriver start find element -->By.id: email
19:39:05.615  INFO  manager.MyListener - WebDriver start find element -->By.id: password
19:39:05.708  INFO  manager.MyListener - WebDriver start find element -->By.cssSelector: button[type='submit']
19:39:05.758  INFO  manager.MyListener - WebDriver start find element -->By.cssSelector: button[type='submit']
19:39:05.804  INFO  manager.MyListener - New Before find by --> By.xpath: //button[text()='Ok']
19:39:06.872  INFO  manager.MyListener - WebDriver start find element -->By.xpath: //button[text()='Ok']
19:39:07.925  INFO  manager.MyListener - WebDriver start find element -->By.id: 1
19:39:07.999  INFO  manager.MyListener - WebDriver start find element -->By.id: pickUpPlace
19:39:08.103  INFO  manager.MyListener - WebDriver start find element -->By.cssSelector: div.pac-item
19:39:09.102  INFO  manager.MyListener - WebDriver start find element -->By.id: make
19:39:09.196  INFO  manager.MyListener - WebDriver start find element -->By.id: model
19:39:09.279  INFO  manager.MyListener - WebDriver start find element -->By.id: year
19:39:09.375  INFO  manager.MyListener - WebDriver start find element -->By.id: engine
19:39:09.459  INFO  manager.MyListener - WebDriver start find element -->By.id: fuel
19:39:09.522  INFO  manager.MyListener - WebDriver start find element -->By.id: gear
19:39:09.589  INFO  manager.MyListener - WebDriver start find element -->By.id: wheelsDrive
19:39:09.655  INFO  manager.MyListener - WebDriver start find element -->By.id: doors
19:39:09.758  INFO  manager.MyListener - WebDriver start find element -->By.id: seats
19:39:09.850  INFO  manager.MyListener - WebDriver start find element -->By.id: class
19:39:09.932  INFO  manager.MyListener - WebDriver start find element -->By.id: fuelConsumption
19:39:10.028  INFO  manager.MyListener - WebDriver start find element -->By.id: serialNumber
19:39:10.119  INFO  manager.MyListener - WebDriver start find element -->By.id: price
19:39:10.219  INFO  manager.MyListener - WebDriver start find element -->By.id: distance
19:39:10.324  INFO  manager.MyListener - WebDriver start find element -->By.cssSelector: input[placeholder='Type feature']
19:39:10.415  INFO  manager.MyListener - WebDriver start find element -->By.id: about
19:39:10.496  INFO  manager.MyListener - WebDriver start find element -->By.id: photos
19:39:10.538  INFO  manager.MyListener - WebDriver start find element -->By.cssSelector: button[type='submit']
19:39:12.140  INFO  manager.MyListener - WebDriver start find element -->By.cssSelector: button[type='submit']
19:39:12.175  INFO  manager.MyListener - WebDriver start find element -->By.cssSelector: div.dialog-container
19:39:13.754  INFO  manager.MyListener - WebDriver start find element -->By.cssSelector: div.dialog-container h1
19:39:13.792  INFO  manager.MyListener - WebDriver start find element -->By.xpath: //button[text()='Search cars']
19:39:13.835  INFO  tests.TestBase - Start test with name --->addNewCarSuccess2
19:39:13.835  INFO  manager.MyListener - New Before find by --> By.xpath: //a[text()=' Logout ']
19:39:14.875  INFO  manager.MyListener - WebDriver start find element -->By.id: 1
19:39:14.931  INFO  manager.MyListener - WebDriver start find element -->By.id: pickUpPlace
19:39:15.020  INFO  manager.MyListener - WebDriver start find element -->By.cssSelector: div.pac-item
19:39:15.877  INFO  manager.MyListener - WebDriver start find element -->By.id: make
19:39:15.963  INFO  manager.MyListener - WebDriver start find element -->By.id: model
19:39:16.041  INFO  manager.MyListener - WebDriver start find element -->By.id: year
19:39:16.129  INFO  manager.MyListener - WebDriver start find element -->By.id: engine
19:39:16.211  INFO  manager.MyListener - WebDriver start find element -->By.id: fuel
19:39:16.263  INFO  manager.MyListener - WebDriver start find element -->By.id: gear
19:39:16.317  INFO  manager.MyListener - WebDriver start find element -->By.id: wheelsDrive
19:39:16.376  INFO  manager.MyListener - WebDriver start find element -->By.id: doors
19:39:16.479  INFO  manager.MyListener - WebDriver start find element -->By.id: seats
19:39:16.567  INFO  manager.MyListener - WebDriver start find element -->By.id: class
19:39:16.649  INFO  manager.MyListener - WebDriver start find element -->By.id: fuelConsumption
19:39:16.738  INFO  manager.MyListener - WebDriver start find element -->By.id: serialNumber
19:39:16.827  INFO  manager.MyListener - WebDriver start find element -->By.id: price
19:39:16.915  INFO  manager.MyListener - WebDriver start find element -->By.id: distance
19:39:17.007  INFO  manager.MyListener - WebDriver start find element -->By.cssSelector: input[placeholder='Type feature']
19:39:17.097  INFO  manager.MyListener - WebDriver start find element -->By.id: about
19:39:17.175  INFO  manager.MyListener - WebDriver start find element -->By.id: photos
19:39:17.210  INFO  manager.MyListener - WebDriver start find element -->By.cssSelector: button[type='submit']
19:39:18.284  INFO  manager.MyListener - WebDriver start find element -->By.cssSelector: button[type='submit']
19:39:18.318  INFO  manager.MyListener - WebDriver start find element -->By.cssSelector: div.dialog-container
19:39:19.145  INFO  manager.MyListener - WebDriver start find element -->By.cssSelector: div.dialog-container h1
19:39:19.174  INFO  manager.MyListener - WebDriver start find element -->By.xpath: //button[text()='Search cars']
19:39:24.197  INFO  manager.MyListener - The name of method with error -->findElement
19:39:24.199  INFO  manager.MyListener - We have a problem ---> org.openqa.selenium.NoSuchElementException: no such element: Unable to locate element: {"method":"xpath","selector":"//button[text()='Search cars']"}
  (Session info: chrome=103.0.5060.134)
For documentation on this error, please visit: https://selenium.dev/exceptions/#no_such_element
Build info: version: '4.2.2', revision: '683ccb65d6'
System info: host: 'DESKTOP-P7LS7IG', ip: '192.168.1.22', os.name: 'Windows 11', os.arch: 'amd64', os.version: '10.0', java.version: '11.0.15.1'
Driver info: org.openqa.selenium.chrome.ChromeDriver
Command: [9b7969ba368eccb2b6c110da2b7c4986, findElement {using=xpath, value=//button[text()='Search cars']}]
Capabilities {acceptInsecureCerts: false, browserName: chrome, browserVersion: 103.0.5060.134, chrome: {chromedriverVersion: 102.0.5005.61 (0e59bcc00cc4..., userDataDir: C:\Users\97253\AppData\Loca...}, goog:chromeOptions: {debuggerAddress: localhost:56440}, networkConnectionEnabled: false, pageLoadStrategy: normal, platformName: WINDOWS, proxy: Proxy(), se:cdp: ws://localhost:56440/devtoo..., se:cdpVersion: 103.0.5060.134, setWindowRect: true, strictFileInteractability: false, timeouts: {implicit: 0, pageLoad: 300000, script: 30000}, unhandledPromptBehavior: dismiss and notify, webauthn:extension:credBlob: true, webauthn:extension:largeBlob: true, webauthn:virtualAuthenticators: true}
Session ID: 9b7969ba368eccb2b6c110da2b7c4986
19:39:24.200  INFO  tests.TestBase - Start test with name --->addNewCarSuccess2
19:39:24.201  INFO  manager.MyListener - New Before find by --> By.xpath: //a[text()=' Logout ']
19:39:24.215  INFO  manager.MyListener - WebDriver start find element -->By.xpath: //button[text()='Search cars']
19:39:29.680  INFO  manager.MyListener - The name of method with error -->findElement
19:39:29.682  INFO  manager.MyListener - We have a problem ---> org.openqa.selenium.NoSuchElementException: Unable to find element with locator By.xpath: //button[text()='Search cars']
For documentation on this error, please visit: https://selenium.dev/exceptions/#no_such_element
Build info: version: '4.2.2', revision: '683ccb65d6'
System info: host: 'DESKTOP-P7LS7IG', ip: '192.168.1.22', os.name: 'Windows 11', os.arch: 'amd64', os.version: '10.0', java.version: '11.0.15.1'
Driver info: driver.version: unknown
19:39:29.685  INFO  tests.TestBase - Start test with name --->loginSuccess
19:39:29.686  INFO  manager.MyListener - New Before find by --> By.xpath: //a[text()=' Logout ']
19:39:41.856  INFO  manager.MyListener - The name of method with error -->findElements
19:39:41.857  INFO  manager.MyListener - We have a problem ---> org.openqa.selenium.WebDriverException: chrome not reachable
  (Session info: chrome=103.0.5060.134)
Build info: version: '4.2.2', revision: '683ccb65d6'
System info: host: 'DESKTOP-P7LS7IG', ip: '192.168.1.22', os.name: 'Windows 11', os.arch: 'amd64', os.version: '10.0', java.version: '11.0.15.1'
Driver info: org.openqa.selenium.chrome.ChromeDriver
Command: [9b7969ba368eccb2b6c110da2b7c4986, findElements {using=xpath, value=//a[text()=' Logout ']}]
Capabilities {acceptInsecureCerts: false, browserName: chrome, browserVersion: 103.0.5060.134, chrome: {chromedriverVersion: 102.0.5005.61 (0e59bcc00cc4..., userDataDir: C:\Users\97253\AppData\Loca...}, goog:chromeOptions: {debuggerAddress: localhost:56440}, networkConnectionEnabled: false, pageLoadStrategy: normal, platformName: WINDOWS, proxy: Proxy(), se:cdp: ws://localhost:56440/devtoo..., se:cdpVersion: 103.0.5060.134, setWindowRect: true, strictFileInteractability: false, timeouts: {implicit: 0, pageLoad: 300000, script: 30000}, unhandledPromptBehavior: dismiss and notify, webauthn:extension:credBlob: true, webauthn:extension:largeBlob: true, webauthn:virtualAuthenticators: true}
Session ID: 9b7969ba368eccb2b6c110da2b7c4986
19:39:41.858  INFO  manager.MyListener - New Before find by --> By.xpath: //button[text()='Ok']
