16:37:27.451  INFO  manager.ApplicationManager - All Tests run in Chrome Driver
16:37:31.540  INFO  manager.ApplicationManager - Current Url --> https://ilcarro-1578153671498.web.app/search
16:37:31.566  INFO  tests.TestBase - Start test with name --->addNewCarSuccess
16:37:31.567  INFO  manager.MyListener - New Before find by --> By.xpath: //a[text()=' Logout ']
16:37:36.588  INFO  manager.MyListener - WebDriver start find element -->By.xpath: //a[text()=' Log in ']
16:37:36.652  INFO  manager.MyListener - WebDriver start find element -->By.id: email
16:37:36.757  INFO  manager.MyListener - WebDriver start find element -->By.id: password
16:37:36.843  INFO  manager.MyListener - WebDriver start find element -->By.cssSelector: button[type='submit']
16:37:36.889  INFO  manager.MyListener - WebDriver start find element -->By.cssSelector: button[type='submit']
16:37:36.933  INFO  manager.MyListener - New Before find by --> By.xpath: //button[text()='Ok']
16:37:38.014  INFO  manager.MyListener - WebDriver start find element -->By.xpath: //button[text()='Ok']
16:37:39.073  INFO  manager.MyListener - WebDriver start find element -->By.id: 1
16:37:39.139  INFO  manager.MyListener - WebDriver start find element -->By.id: pickUpPlace
16:37:39.243  INFO  manager.MyListener - WebDriver start find element -->By.cssSelector: div.pac-item
16:37:40.220  INFO  manager.MyListener - WebDriver start find element -->By.id: make
16:37:40.308  INFO  manager.MyListener - WebDriver start find element -->By.id: model
16:37:40.393  INFO  manager.MyListener - WebDriver start find element -->By.id: year
16:37:40.484  INFO  manager.MyListener - WebDriver start find element -->By.id: engine
16:37:40.567  INFO  manager.MyListener - WebDriver start find element -->By.id: fuel
16:37:40.629  INFO  manager.MyListener - WebDriver start find element -->By.id: gear
16:37:40.686  INFO  manager.MyListener - WebDriver start find element -->By.id: wheelsDrive
16:37:40.746  INFO  manager.MyListener - WebDriver start find element -->By.id: doors
16:37:40.844  INFO  manager.MyListener - WebDriver start find element -->By.id: seats
16:37:40.947  INFO  manager.MyListener - WebDriver start find element -->By.id: class
16:37:41.032  INFO  manager.MyListener - WebDriver start find element -->By.id: fuelConsumption
16:37:41.125  INFO  manager.MyListener - WebDriver start find element -->By.id: serialNumber
16:37:41.214  INFO  manager.MyListener - WebDriver start find element -->By.id: price
16:37:41.310  INFO  manager.MyListener - WebDriver start find element -->By.id: distance
16:37:41.405  INFO  manager.MyListener - WebDriver start find element -->By.cssSelector: input[placeholder='Type feature']
16:37:41.494  INFO  manager.MyListener - WebDriver start find element -->By.id: about
16:37:41.587  INFO  manager.MyListener - WebDriver start find element -->By.id: photos
16:37:41.637  INFO  manager.MyListener - WebDriver start find element -->By.cssSelector: button[type='submit']
16:37:43.246  INFO  manager.MyListener - WebDriver start find element -->By.cssSelector: button[type='submit']
16:37:43.282  INFO  manager.MyListener - WebDriver start find element -->By.cssSelector: div.dialog-container
16:37:44.299  INFO  manager.MyListener - WebDriver start find element -->By.cssSelector: div.dialog-container h1
16:37:44.331  INFO  manager.MyListener - WebDriver start find element -->By.xpath: //button[text()='Search cars']
16:37:49.358  INFO  manager.MyListener - The name of method with error -->findElement
16:37:49.360  INFO  manager.MyListener - We have a problem ---> org.openqa.selenium.NoSuchElementException: no such element: Unable to locate element: {"method":"xpath","selector":"//button[text()='Search cars']"}
  (Session info: chrome=103.0.5060.134)
For documentation on this error, please visit: https://selenium.dev/exceptions/#no_such_element
Build info: version: '4.3.0', revision: 'a4995e2c09*'
System info: host: 'DESKTOP-P7LS7IG', ip: '192.168.1.22', os.name: 'Windows 11', os.arch: 'amd64', os.version: '10.0', java.version: '11.0.15.1'
Driver info: org.openqa.selenium.chrome.ChromeDriver
Command: [016dc04ec723b9271ec5fff25bd5cc66, findElement {using=xpath, value=//button[text()='Search cars']}]
Capabilities {acceptInsecureCerts: false, browserName: chrome, browserVersion: 103.0.5060.134, chrome: {chromedriverVersion: 102.0.5005.61 (0e59bcc00cc4..., userDataDir: C:\Users\97253\AppData\Loca...}, goog:chromeOptions: {debuggerAddress: localhost:50293}, networkConnectionEnabled: false, pageLoadStrategy: normal, platformName: WINDOWS, proxy: Proxy(), se:cdp: ws://localhost:50293/devtoo..., se:cdpVersion: 103.0.5060.134, setWindowRect: true, strictFileInteractability: false, timeouts: {implicit: 0, pageLoad: 300000, script: 30000}, unhandledPromptBehavior: dismiss and notify, webauthn:extension:credBlob: true, webauthn:extension:largeBlob: true, webauthn:virtualAuthenticators: true}
Session ID: 016dc04ec723b9271ec5fff25bd5cc66
16:37:49.368  INFO  tests.TestBase - Start test with name --->addNewCarSuccess2
16:37:49.368  INFO  manager.MyListener - New Before find by --> By.xpath: //a[text()=' Logout ']
16:37:49.393  INFO  manager.MyListener - WebDriver start find element -->By.xpath: //button[text()='Search cars']
16:37:54.400  INFO  manager.MyListener - The name of method with error -->findElement
16:37:54.400  INFO  manager.MyListener - We have a problem ---> org.openqa.selenium.NoSuchElementException: no such element: Unable to locate element: {"method":"xpath","selector":"//button[text()='Search cars']"}
  (Session info: chrome=103.0.5060.134)
For documentation on this error, please visit: https://selenium.dev/exceptions/#no_such_element
Build info: version: '4.3.0', revision: 'a4995e2c09*'
System info: host: 'DESKTOP-P7LS7IG', ip: '192.168.1.22', os.name: 'Windows 11', os.arch: 'amd64', os.version: '10.0', java.version: '11.0.15.1'
Driver info: org.openqa.selenium.chrome.ChromeDriver
Command: [016dc04ec723b9271ec5fff25bd5cc66, findElement {using=xpath, value=//button[text()='Search cars']}]
Capabilities {acceptInsecureCerts: false, browserName: chrome, browserVersion: 103.0.5060.134, chrome: {chromedriverVersion: 102.0.5005.61 (0e59bcc00cc4..., userDataDir: C:\Users\97253\AppData\Loca...}, goog:chromeOptions: {debuggerAddress: localhost:50293}, networkConnectionEnabled: false, pageLoadStrategy: normal, platformName: WINDOWS, proxy: Proxy(), se:cdp: ws://localhost:50293/devtoo..., se:cdpVersion: 103.0.5060.134, setWindowRect: true, strictFileInteractability: false, timeouts: {implicit: 0, pageLoad: 300000, script: 30000}, unhandledPromptBehavior: dismiss and notify, webauthn:extension:credBlob: true, webauthn:extension:largeBlob: true, webauthn:virtualAuthenticators: true}
Session ID: 016dc04ec723b9271ec5fff25bd5cc66
16:37:54.402  INFO  tests.TestBase - Start test with name --->addNewCarSuccess2
16:37:54.402  INFO  manager.MyListener - New Before find by --> By.xpath: //a[text()=' Logout ']
16:37:54.415  INFO  manager.MyListener - WebDriver start find element -->By.xpath: //button[text()='Search cars']
16:37:59.478  INFO  manager.MyListener - The name of method with error -->findElement
16:37:59.478  INFO  manager.MyListener - We have a problem ---> org.openqa.selenium.NoSuchElementException: no such element: Unable to locate element: {"method":"xpath","selector":"//button[text()='Search cars']"}
  (Session info: chrome=103.0.5060.134)
For documentation on this error, please visit: https://selenium.dev/exceptions/#no_such_element
Build info: version: '4.3.0', revision: 'a4995e2c09*'
System info: host: 'DESKTOP-P7LS7IG', ip: '192.168.1.22', os.name: 'Windows 11', os.arch: 'amd64', os.version: '10.0', java.version: '11.0.15.1'
Driver info: org.openqa.selenium.chrome.ChromeDriver
Command: [016dc04ec723b9271ec5fff25bd5cc66, findElement {using=xpath, value=//button[text()='Search cars']}]
Capabilities {acceptInsecureCerts: false, browserName: chrome, browserVersion: 103.0.5060.134, chrome: {chromedriverVersion: 102.0.5005.61 (0e59bcc00cc4..., userDataDir: C:\Users\97253\AppData\Loca...}, goog:chromeOptions: {debuggerAddress: localhost:50293}, networkConnectionEnabled: false, pageLoadStrategy: normal, platformName: WINDOWS, proxy: Proxy(), se:cdp: ws://localhost:50293/devtoo..., se:cdpVersion: 103.0.5060.134, setWindowRect: true, strictFileInteractability: false, timeouts: {implicit: 0, pageLoad: 300000, script: 30000}, unhandledPromptBehavior: dismiss and notify, webauthn:extension:credBlob: true, webauthn:extension:largeBlob: true, webauthn:virtualAuthenticators: true}
Session ID: 016dc04ec723b9271ec5fff25bd5cc66
16:37:59.480  INFO  tests.TestBase - Start test with name --->loginSuccess
16:37:59.480  INFO  manager.MyListener - New Before find by --> By.xpath: //a[text()=' Logout ']
16:37:59.490  INFO  manager.MyListener - WebDriver start find element -->By.xpath: //a[text()=' Logout ']
16:38:04.574  INFO  manager.MyListener - The name of method with error -->click
16:38:04.574  INFO  manager.MyListener - We have a problem ---> org.openqa.selenium.ElementNotInteractableException: element not interactable
  (Session info: chrome=103.0.5060.134)
Build info: version: '4.3.0', revision: 'a4995e2c09*'
System info: host: 'DESKTOP-P7LS7IG', ip: '192.168.1.22', os.name: 'Windows 11', os.arch: 'amd64', os.version: '10.0', java.version: '11.0.15.1'
Driver info: org.openqa.selenium.chrome.ChromeDriver
Command: [016dc04ec723b9271ec5fff25bd5cc66, clickElement {id=f03fa79b-3c38-42c3-9ec0-ea6784bedc69}]
Capabilities {acceptInsecureCerts: false, browserName: chrome, browserVersion: 103.0.5060.134, chrome: {chromedriverVersion: 102.0.5005.61 (0e59bcc00cc4..., userDataDir: C:\Users\97253\AppData\Loca...}, goog:chromeOptions: {debuggerAddress: localhost:50293}, networkConnectionEnabled: false, pageLoadStrategy: normal, platformName: WINDOWS, proxy: Proxy(), se:cdp: ws://localhost:50293/devtoo..., se:cdpVersion: 103.0.5060.134, setWindowRect: true, strictFileInteractability: false, timeouts: {implicit: 0, pageLoad: 300000, script: 30000}, unhandledPromptBehavior: dismiss and notify, webauthn:extension:credBlob: true, webauthn:extension:largeBlob: true, webauthn:virtualAuthenticators: true}
Element: [[ChromeDriver: chrome on WINDOWS (016dc04ec723b9271ec5fff25bd5cc66)] -> xpath: //a[text()=' Logout ']]
Session ID: 016dc04ec723b9271ec5fff25bd5cc66
16:38:04.575  INFO  manager.MyListener - New Before find by --> By.xpath: //button[text()='Ok']
16:38:04.588  INFO  manager.MyListener - WebDriver start find element -->By.xpath: //button[text()='Ok']
16:38:04.625  INFO  tests.TestBase - Start test with name --->loginSuccess
16:38:04.625  INFO  manager.MyListener - New Before find by --> By.xpath: //a[text()=' Logout ']
16:38:04.637  INFO  manager.MyListener - WebDriver start find element -->By.xpath: //a[text()=' Logout ']
16:38:04.766  INFO  tests.TestBase - Test start with logout
16:38:04.767  INFO  manager.MyListener - New Before find by --> By.xpath: //button[text()='Ok']
16:38:09.778  INFO  tests.TestBase - Start test with name --->loginSuccess
16:38:09.778  INFO  manager.MyListener - New Before find by --> By.xpath: //a[text()=' Logout ']
16:38:14.839  INFO  manager.MyListener - New Before find by --> By.xpath: //button[text()='Ok']
16:38:19.894  INFO  tests.TestBase - Start test with name --->loginSuccess
16:38:19.894  INFO  manager.MyListener - New Before find by --> By.xpath: //a[text()=' Logout ']
16:38:24.947  INFO  manager.MyListener - New Before find by --> By.xpath: //button[text()='Ok']
16:38:29.964  INFO  tests.TestBase - Start test with name --->loginSuccessDP
16:38:29.965  INFO  manager.MyListener - New Before find by --> By.xpath: //a[text()=' Logout ']
16:38:35.008  INFO  manager.MyListener - New Before find by --> By.xpath: //button[text()='Ok']
16:38:40.037  INFO  tests.TestBase - Start test with name --->loginSuccessDP
16:38:40.038  INFO  manager.MyListener - New Before find by --> By.xpath: //a[text()=' Logout ']
16:38:45.077  INFO  manager.MyListener - New Before find by --> By.xpath: //button[text()='Ok']
16:38:49.678  INFO  tests.TestBase - Start test with name --->loginSuccessDP
16:38:49.679  INFO  manager.MyListener - New Before find by --> By.xpath: //a[text()=' Logout ']
16:39:01.859  INFO  manager.MyListener - The name of method with error -->findElements
16:39:01.860  INFO  manager.MyListener - We have a problem ---> org.openqa.selenium.WebDriverException: chrome not reachable
  (Session info: chrome=103.0.5060.134)
Build info: version: '4.3.0', revision: 'a4995e2c09*'
System info: host: 'DESKTOP-P7LS7IG', ip: '192.168.1.22', os.name: 'Windows 11', os.arch: 'amd64', os.version: '10.0', java.version: '11.0.15.1'
Driver info: org.openqa.selenium.chrome.ChromeDriver
Command: [016dc04ec723b9271ec5fff25bd5cc66, findElements {using=xpath, value=//a[text()=' Logout ']}]
Capabilities {acceptInsecureCerts: false, browserName: chrome, browserVersion: 103.0.5060.134, chrome: {chromedriverVersion: 102.0.5005.61 (0e59bcc00cc4..., userDataDir: C:\Users\97253\AppData\Loca...}, goog:chromeOptions: {debuggerAddress: localhost:50293}, networkConnectionEnabled: false, pageLoadStrategy: normal, platformName: WINDOWS, proxy: Proxy(), se:cdp: ws://localhost:50293/devtoo..., se:cdpVersion: 103.0.5060.134, setWindowRect: true, strictFileInteractability: false, timeouts: {implicit: 0, pageLoad: 300000, script: 30000}, unhandledPromptBehavior: dismiss and notify, webauthn:extension:credBlob: true, webauthn:extension:largeBlob: true, webauthn:virtualAuthenticators: true}
Session ID: 016dc04ec723b9271ec5fff25bd5cc66
16:39:01.863  INFO  manager.MyListener - New Before find by --> By.xpath: //button[text()='Ok']
16:39:14.031  INFO  manager.MyListener - The name of method with error -->findElements
16:39:14.032  INFO  manager.MyListener - We have a problem ---> org.openqa.selenium.WebDriverException: chrome not reachable
  (Session info: chrome=103.0.5060.134)
Build info: version: '4.3.0', revision: 'a4995e2c09*'
System info: host: 'DESKTOP-P7LS7IG', ip: '192.168.1.22', os.name: 'Windows 11', os.arch: 'amd64', os.version: '10.0', java.version: '11.0.15.1'
Driver info: org.openqa.selenium.chrome.ChromeDriver
Command: [016dc04ec723b9271ec5fff25bd5cc66, findElements {using=xpath, value=//button[text()='Ok']}]
Capabilities {acceptInsecureCerts: false, browserName: chrome, browserVersion: 103.0.5060.134, chrome: {chromedriverVersion: 102.0.5005.61 (0e59bcc00cc4..., userDataDir: C:\Users\97253\AppData\Loca...}, goog:chromeOptions: {debuggerAddress: localhost:50293}, networkConnectionEnabled: false, pageLoadStrategy: normal, platformName: WINDOWS, proxy: Proxy(), se:cdp: ws://localhost:50293/devtoo..., se:cdpVersion: 103.0.5060.134, setWindowRect: true, strictFileInteractability: false, timeouts: {implicit: 0, pageLoad: 300000, script: 30000}, unhandledPromptBehavior: dismiss and notify, webauthn:extension:credBlob: true, webauthn:extension:largeBlob: true, webauthn:virtualAuthenticators: true}
Session ID: 016dc04ec723b9271ec5fff25bd5cc66
16:39:14.035  INFO  tests.TestBase - Start test with name --->loginSuccessDP
16:39:14.036  INFO  manager.MyListener - New Before find by --> By.xpath: //a[text()=' Logout ']
16:39:26.238  INFO  manager.MyListener - The name of method with error -->findElements
16:39:26.238  INFO  manager.MyListener - We have a problem ---> org.openqa.selenium.WebDriverException: chrome not reachable
  (Session info: chrome=103.0.5060.134)
Build info: version: '4.3.0', revision: 'a4995e2c09*'
System info: host: 'DESKTOP-P7LS7IG', ip: '192.168.1.22', os.name: 'Windows 11', os.arch: 'amd64', os.version: '10.0', java.version: '11.0.15.1'
Driver info: org.openqa.selenium.chrome.ChromeDriver
Command: [016dc04ec723b9271ec5fff25bd5cc66, findElements {using=xpath, value=//a[text()=' Logout ']}]
Capabilities {acceptInsecureCerts: false, browserName: chrome, browserVersion: 103.0.5060.134, chrome: {chromedriverVersion: 102.0.5005.61 (0e59bcc00cc4..., userDataDir: C:\Users\97253\AppData\Loca...}, goog:chromeOptions: {debuggerAddress: localhost:50293}, networkConnectionEnabled: false, pageLoadStrategy: normal, platformName: WINDOWS, proxy: Proxy(), se:cdp: ws://localhost:50293/devtoo..., se:cdpVersion: 103.0.5060.134, setWindowRect: true, strictFileInteractability: false, timeouts: {implicit: 0, pageLoad: 300000, script: 30000}, unhandledPromptBehavior: dismiss and notify, webauthn:extension:credBlob: true, webauthn:extension:largeBlob: true, webauthn:virtualAuthenticators: true}
Session ID: 016dc04ec723b9271ec5fff25bd5cc66
16:39:26.241  INFO  manager.MyListener - New Before find by --> By.xpath: //button[text()='Ok']
